[0925/213417.711:ERROR:process_reader_win.cc(123)] NtOpenThread: {Access Denied} A process has requested access to an object, but has not been granted those access rights. (0xc0000022)
[0925/213417.712:ERROR:exception_snapshot_win.cc(99)] thread ID 3128 not found in process
[0925/213417.804:ERROR:process_reader_win.cc(151)] SuspendThread: Access is denied. (0x5)
[0925/213417.805:ERROR:process_reader_win.cc(151)] SuspendThread: Access is denied. (0x5)
[0925/213417.806:ERROR:process_reader_win.cc(151)] SuspendThread: Access is denied. (0x5)
[0925/213417.806:ERROR:process_reader_win.cc(151)] SuspendThread: Access is denied. (0x5)
[0925/213417.806:ERROR:process_reader_win.cc(151)] SuspendThread: Access is denied. (0x5)
[0925/213417.806:ERROR:process_reader_win.cc(123)] NtOpenThread: {Access Denied} A process has requested access to an object, but has not been granted those access rights. (0xc0000022)
[0925/213417.808:ERROR:exception_snapshot_win.cc(99)] thread ID 6448 not found in process
[0927/105223.096:ERROR:process_reader_win.cc(123)] NtOpenThread: {Access Denied} A process has requested access to an object, but has not been granted those access rights. (0xc0000022)
[0927/105223.097:ERROR:exception_snapshot_win.cc(99)] thread ID 572 not found in process
[1004/204418.415:ERROR:process_reader_win.cc(123)] NtOpenThread: {Access Denied} A process has requested access to an object, but has not been granted those access rights. (0xc0000022)
[1004/204418.417:ERROR:exception_snapshot_win.cc(99)] thread ID 14288 not found in process
[1004/204418.462:ERROR:process_reader_win.cc(123)] NtOpenThread: {Access Denied} A process has requested access to an object, but has not been granted those access rights. (0xc0000022)
[1004/204418.462:ERROR:exception_snapshot_win.cc(99)] thread ID 10760 not found in process
[1023/142906.237:ERROR:directory_reader_win.cc(43)] FindFirstFile: The system cannot find the path specified. (0x3)
[1025/173945.514:ERROR:directory_reader_win.cc(43)] FindFirstFile: The system cannot find the path specified. (0x3)
[1025/183750.551:ERROR:directory_reader_win.cc(43)] FindFirstFile: The system cannot find the path specified. (0x3)
[1025/191148.700:ERROR:directory_reader_win.cc(43)] FindFirstFile: The system cannot find the path specified. (0x3)
[1025/194515.406:ERROR:directory_reader_win.cc(43)] FindFirstFile: The system cannot find the path specified. (0x3)
[1025/205706.519:ERROR:directory_reader_win.cc(43)] FindFirstFile: The system cannot find the path specified. (0x3)
[1025/224007.185:ERROR:process_reader_win.cc(123)] NtOpenThread: {Access Denied} A process has requested access to an object, but has not been granted those access rights. (0xc0000022)
[1025/224007.187:ERROR:exception_snapshot_win.cc(99)] thread ID 9532 not found in process
[1026/164604.288:ERROR:directory_reader_win.cc(43)] FindFirstFile: The system cannot find the path specified. (0x3)
[1026/173534.075:ERROR:directory_reader_win.cc(43)] FindFirstFile: The system cannot find the path specified. (0x3)
[1026/175507.377:ERROR:directory_reader_win.cc(43)] FindFirstFile: The system cannot find the path specified. (0x3)
[1026/191505.247:ERROR:directory_reader_win.cc(43)] FindFirstFile: The system cannot find the path specified. (0x3)
[1028/174903.904:ERROR:directory_reader_win.cc(43)] FindFirstFile: The system cannot find the path specified. (0x3)
[1028/190136.979:ERROR:directory_reader_win.cc(43)] FindFirstFile: The system cannot find the path specified. (0x3)
[1028/221012.405:ERROR:process_reader_win.cc(123)] NtOpenThread: {Access Denied} A process has requested access to an object, but has not been granted those access rights. (0xc0000022)
[1028/221012.407:ERROR:exception_snapshot_win.cc(99)] thread ID 15584 not found in process
[1028/221012.468:ERROR:process_reader_win.cc(123)] NtOpenThread: {Access Denied} A process has requested access to an object, but has not been granted those access rights. (0xc0000022)
[1028/221012.468:ERROR:exception_snapshot_win.cc(99)] thread ID 17068 not found in process
[1029/152656.879:ERROR:directory_reader_win.cc(43)] FindFirstFile: The system cannot find the path specified. (0x3)
[1029/154131.380:ERROR:directory_reader_win.cc(43)] FindFirstFile: The system cannot find the path specified. (0x3)
[1029/155927.035:ERROR:directory_reader_win.cc(43)] FindFirstFile: The system cannot find the path specified. (0x3)
[1029/161621.208:ERROR:directory_reader_win.cc(43)] FindFirstFile: The system cannot find the path specified. (0x3)
[1101/111530.148:ERROR:directory_reader_win.cc(43)] FindFirstFile: The system cannot find the path specified. (0x3)
[1101/113207.320:ERROR:directory_reader_win.cc(43)] FindFirstFile: The system cannot find the path specified. (0x3)
[1104/150136.881:ERROR:directory_reader_win.cc(43)] FindFirstFile: The system cannot find the path specified. (0x3)
[1104/150715.091:ERROR:process_reader_win.cc(123)] NtOpenThread: {Access Denied} A process has requested access to an object, but has not been granted those access rights. (0xc0000022)
[1104/150715.092:ERROR:exception_snapshot_win.cc(99)] thread ID 4884 not found in process
[1104/150715.163:ERROR:process_reader_win.cc(151)] SuspendThread: Access is denied. (0x5)
[1104/150715.163:ERROR:exception_snapshot_win.cc(99)] thread ID 1436 not found in process
[1104/150715.163:ERROR:scoped_process_suspend.cc(40)] NtResumeProcess: An attempt was made to access an exiting process. (0xc000010a)
[1109/115916.105:ERROR:directory_reader_win.cc(43)] FindFirstFile: The system cannot find the path specified. (0x3)
[1109/123940.082:ERROR:process_reader_win.cc(123)] NtOpenThread: {Access Denied} A process has requested access to an object, but has not been granted those access rights. (0xc0000022)
[1109/123940.082:ERROR:exception_snapshot_win.cc(99)] thread ID 1712 not found in process
[1109/123940.202:ERROR:process_reader_win.cc(151)] SuspendThread: Access is denied. (0x5)
[1109/123940.202:ERROR:process_reader_win.cc(151)] SuspendThread: Access is denied. (0x5)
[1109/123940.202:ERROR:process_reader_win.cc(151)] SuspendThread: Access is denied. (0x5)
[1109/123940.202:ERROR:process_reader_win.cc(151)] SuspendThread: Access is denied. (0x5)
[1109/123940.202:ERROR:process_reader_win.cc(151)] SuspendThread: Access is denied. (0x5)
[1109/123940.202:ERROR:exception_snapshot_win.cc(99)] thread ID 1336 not found in process
[1110/101516.643:ERROR:directory_reader_win.cc(43)] FindFirstFile: The system cannot find the path specified. (0x3)
[1110/103344.131:ERROR:process_reader_win.cc(123)] NtOpenThread: {Access Denied} A process has requested access to an object, but has not been granted those access rights. (0xc0000022)
[1110/103344.133:ERROR:exception_snapshot_win.cc(99)] thread ID 2888 not found in process
[1110/103344.221:ERROR:process_reader_win.cc(151)] SuspendThread: Access is denied. (0x5)
[1110/103344.222:ERROR:process_reader_win.cc(151)] SuspendThread: Access is denied. (0x5)
[1110/103344.222:ERROR:process_reader_win.cc(151)] SuspendThread: Access is denied. (0x5)
[1110/103344.222:ERROR:process_reader_win.cc(151)] SuspendThread: Access is denied. (0x5)
[1110/103344.222:ERROR:exception_snapshot_win.cc(99)] thread ID 2744 not found in process
